<?xml version="1.0" encoding="UTF-8"?>
<!-- Generated by org.testng.reporters.JUnitReportReporter -->
<testsuite skipped="11" hostname="samis-MacBook-Pro.local" name="Home.TestAmazonhome" tests="11" failures="0" timestamp="29 Sep 2017 17:00:43 GMT" time="0.000" errors="0">
  <testcase name="testSearchUP" time="0.000" classname="Home.TestAmazonhome">
    <skipped/>
  </testcase> <!-- testSearchUP -->
  <testcase name="TestClick" time="0.000" classname="Home.TestAmazonhome">
    <skipped/>
  </testcase> <!-- TestClick -->
  <testcase name="testSearchDropdownBox" time="0.000" classname="Home.TestAmazonhome">
    <skipped/>
  </testcase> <!-- testSearchDropdownBox -->
  <testcase name="testprintSearchDropdownOptions" time="0.000" classname="Home.TestAmazonhome">
    <skipped/>
  </testcase> <!-- testprintSearchDropdownOptions -->
  <testcase name="testSearchDropdownBoxWithSelect" time="0.000" classname="Home.TestAmazonhome">
    <skipped/>
  </testcase> <!-- testSearchDropdownBoxWithSelect -->
  <testcase name="testSearchFor" time="0.000" classname="Home.TestAmazonhome">
    <skipped/>
  </testcase> <!-- testSearchFor -->
  <testcase name="testClickOnGiftcard" time="0.000" classname="Home.TestAmazonhome">
    <skipped/>
  </testcase> <!-- testClickOnGiftcard -->
  <testcase name="testClickOnShoppingCart" time="0.000" classname="Home.TestAmazonhome">
    <skipped/>
  </testcase> <!-- testClickOnShoppingCart -->
  <testcase name="testclickOnAmazonSell" time="0.000" classname="Home.TestAmazonhome">
    <skipped/>
  </testcase> <!-- testclickOnAmazonSell -->
  <testcase name="testclickOnorder" time="0.000" classname="Home.TestAmazonhome">
    <skipped/>
  </testcase> <!-- testclickOnorder -->
  <testcase name="testSignInAmazon" time="0.000" classname="Home.TestAmazonhome">
    <skipped/>
  </testcase> <!-- testSignInAmazon -->
</testsuite> <!-- Home.TestAmazonhome -->
