<?xml version="1.0" encoding="UTF-8"?>
<!-- Generated by org.testng.reporters.JUnitReportReporter -->
<testsuite skipped="1" hostname="samis-MacBook-Pro.local" name="search.DropDownMenuSearch" tests="1" failures="0" timestamp="29 Sep 2017 17:00:43 GMT" time="0.000" errors="0">
  <testcase name="searchMenu" time="0.000" classname="search.DropDownMenuSearch">
    <skipped/>
  </testcase> <!-- searchMenu -->
</testsuite> <!-- search.DropDownMenuSearch -->
