<?xml version="1.0" encoding="UTF-8"?>
<!-- Generated by org.testng.reporters.JUnitReportReporter -->
<testsuite skipped="0" hostname="samis-MacBook-Pro.local" name="Homepage.LocateATMByZipcode" tests="1" failures="0" timestamp="16 Sep 2017 19:19:06 GMT" time="0.097" errors="0">
  <testcase name="searchforATM" time="0.097" classname="Homepage.LocateATMByZipcode"/>
</testsuite> <!-- Homepage.LocateATMByZipcode -->
