<?xml version="1.0" encoding="UTF-8"?>
<!-- Generated by org.testng.reporters.JUnitReportReporter -->
<testsuite skipped="0" hostname="samis-MacBook-Pro.local" name="Homepage.TestHomepage" tests="10" failures="0" timestamp="16 Sep 2017 19:19:06 GMT" time="50.365" errors="0">
  <testcase name="clicklandingTab" time="1.996" classname="Homepage.TestHomepage"/>
  <testcase name="Citibankurl" time="0.025" classname="Homepage.TestHomepage"/>
  <testcase name="CreditcardTitle" time="0.223" classname="Homepage.TestHomepage"/>
  <testcase name="clickBankingTab" time="0.303" classname="Homepage.TestHomepage"/>
  <testcase name="clickinvestingTab" time="1.884" classname="Homepage.TestHomepage"/>
  <testcase name="clickcitigoldTab" time="1.520" classname="Homepage.TestHomepage"/>
  <testcase name="Citibanklogo" time="0.161" classname="Homepage.TestHomepage"/>
  <testcase name="CitiBankTitle" time="0.268" classname="Homepage.TestHomepage"/>
  <testcase name="clickcreditcardTag" time="0.296" classname="Homepage.TestHomepage"/>
  <testcase name="brokenlinksInHP" time="43.689" classname="Homepage.TestHomepage"/>
</testsuite> <!-- Homepage.TestHomepage -->
