<?xml version="1.0" encoding="UTF-8"?>
<!-- Generated by org.testng.reporters.JUnitReportReporter -->
<testsuite skipped="0" hostname="samis-MacBook-Pro.local" name="Homepage.Login" tests="3" failures="0" timestamp="16 Sep 2017 19:19:06 GMT" time="0.780" errors="0">
  <testcase name="inputpassword" time="0.126" classname="Homepage.Login"/>
  <testcase name="clickSignin" time="0.439" classname="Homepage.Login"/>
  <testcase name="inputuserid" time="0.215" classname="Homepage.Login"/>
</testsuite> <!-- Homepage.Login -->
